[0m14:34:18.002671 [debug] [MainThread]: Sending event: {'category': 'dbt', 'action': 'invocation', 'label': 'start', 'context': [<snowplow_tracker.self_describing_json.SelfDescribingJson object at 0x0000021C0C231010>, <snowplow_tracker.self_describing_json.SelfDescribingJson object at 0x0000021C0E38FED0>, <snowplow_tracker.self_describing_json.SelfDescribingJson object at 0x0000021C0E38FB10>]}


============================== 14:34:18.008465 | d40a7ed5-501b-4736-a992-8a1b20a1c90a ==============================
[0m14:34:18.008465 [info ] [MainThread]: Running with dbt=1.11.7
[0m14:34:18.009127 [debug] [MainThread]: running dbt with arguments {'version_check': 'True', 'no_print': 'None', 'static_parser': 'True', 'warn_error_options': 'WarnErrorOptionsV2(error=[], warn=[], silence=[])', 'target_path': 'None', 'printer_width': '80', 'write_json': 'True', 'introspect': 'True', 'log_cache_events': 'False', 'empty': 'None', 'cache_selected_only': 'False', 'log_format': 'default', 'debug': 'False', 'fail_fast': 'False', 'profiles_dir': '.', 'send_anonymous_usage_stats': 'True', 'quiet': 'False', 'warn_error': 'None', 'partial_parse': 'True', 'use_colors': 'True', 'indirect_selection': 'eager', 'invocation_command': 'dbt debug --profiles-dir .', 'use_experimental_parser': 'False', 'log_path': 'C:\\Users\\Sr. Fall\\Desktop\\Data Git\\nikeProject\\2_dbt_project\\logs'}
[0m14:34:18.024509 [info ] [MainThread]: dbt version: 1.11.7
[0m14:34:18.025005 [info ] [MainThread]: python version: 3.13.7
[0m14:34:18.025416 [info ] [MainThread]: python path: C:\Users\Sr. Fall\Desktop\Data Git\nikeProject\venv\Scripts\python.exe
[0m14:34:18.025815 [info ] [MainThread]: os info: Windows-11-10.0.26200-SP0
[0m14:34:18.175624 [info ] [MainThread]: Using profiles dir at .
[0m14:34:18.176152 [info ] [MainThread]: Using profiles.yml file at .\profiles.yml
[0m14:34:18.176536 [info ] [MainThread]: Using dbt_project.yml file at C:\Users\Sr. Fall\Desktop\Data Git\nikeProject\2_dbt_project\dbt_project.yml
[0m14:34:18.177626 [info ] [MainThread]: adapter type: postgres
[0m14:34:18.177993 [info ] [MainThread]: adapter version: 1.10.0
[0m14:34:18.266417 [info ] [MainThread]: Configuration:
[0m14:34:18.266967 [info ] [MainThread]:   profiles.yml file [[32mOK found and valid[0m]
[0m14:34:18.267408 [info ] [MainThread]:   dbt_project.yml file [[32mOK found and valid[0m]
[0m14:34:18.267781 [info ] [MainThread]: Required dependencies:
[0m14:34:18.268178 [debug] [MainThread]: Executing "git --help"
[0m14:34:18.307826 [debug] [MainThread]: STDOUT: "b"usage: git [-v | --version] [-h | --help] [-C <path>] [-c <name>=<value>]\n           [--exec-path[=<path>]] [--html-path] [--man-path] [--info-path]\n           [-p | --paginate | -P | --no-pager] [--no-replace-objects] [--no-lazy-fetch]\n           [--no-optional-locks] [--no-advice] [--bare] [--git-dir=<path>]\n           [--work-tree=<path>] [--namespace=<name>] [--config-env=<name>=<envvar>]\n           <command> [<args>]\n\nThese are common Git commands used in various situations:\n\nstart a working area (see also: git help tutorial)\n   clone      Clone a repository into a new directory\n   init       Create an empty Git repository or reinitialize an existing one\n\nwork on the current change (see also: git help everyday)\n   add        Add file contents to the index\n   mv         Move or rename a file, a directory, or a symlink\n   restore    Restore working tree files\n   rm         Remove files from the working tree and from the index\n\nexamine the history and state (see also: git help revisions)\n   bisect     Use binary search to find the commit that introduced a bug\n   diff       Show changes between commits, commit and working tree, etc\n   grep       Print lines matching a pattern\n   log        Show commit logs\n   show       Show various types of objects\n   status     Show the working tree status\n\ngrow, mark and tweak your common history\n   backfill   Download missing objects in a partial clone\n   branch     List, create, or delete branches\n   commit     Record changes to the repository\n   merge      Join two or more development histories together\n   rebase     Reapply commits on top of another base tip\n   reset      Reset current HEAD to the specified state\n   switch     Switch branches\n   tag        Create, list, delete or verify a tag object signed with GPG\n\ncollaborate (see also: git help workflows)\n   fetch      Download objects and refs from another repository\n   pull       Fetch from and integrate with another repository or a local branch\n   push       Update remote refs along with associated objects\n\n'git help -a' and 'git help -g' list available subcommands and some\nconcept guides. See 'git help <command>' or 'git help <concept>'\nto read about a specific subcommand or concept.\nSee 'git help git' for an overview of the system.\n""
[0m14:34:18.308296 [debug] [MainThread]: STDERR: "b''"
[0m14:34:18.308630 [info ] [MainThread]:  - git [[32mOK found[0m]

[0m14:34:18.309025 [info ] [MainThread]: Connection:
[0m14:34:18.309391 [info ] [MainThread]:   host: localhost
[0m14:34:18.309743 [info ] [MainThread]:   port: 5432
[0m14:34:18.310091 [info ] [MainThread]:   user: admin
[0m14:34:18.310393 [info ] [MainThread]:   database: nike_dw
[0m14:34:18.310702 [info ] [MainThread]:   schema: dbt_dev
[0m14:34:18.311034 [info ] [MainThread]:   connect_timeout: 10
[0m14:34:18.311345 [info ] [MainThread]:   role: None
[0m14:34:18.311644 [info ] [MainThread]:   search_path: None
[0m14:34:18.311931 [info ] [MainThread]:   keepalives_idle: 0
[0m14:34:18.312206 [info ] [MainThread]:   sslmode: None
[0m14:34:18.312474 [info ] [MainThread]:   sslcert: None
[0m14:34:18.312740 [info ] [MainThread]:   sslkey: None
[0m14:34:18.313002 [info ] [MainThread]:   sslrootcert: None
[0m14:34:18.313262 [info ] [MainThread]:   application_name: dbt
[0m14:34:18.313520 [info ] [MainThread]:   retries: 1
[0m14:34:18.313985 [info ] [MainThread]: Registered adapter: postgres=1.10.0
[0m14:34:18.527414 [debug] [MainThread]: Acquiring new postgres connection 'debug'
[0m14:34:20.453841 [debug] [MainThread]: Using postgres connection "debug"
[0m14:34:20.454200 [debug] [MainThread]: On debug: select 1 as id
[0m14:34:20.454437 [debug] [MainThread]: Opening a new connection, currently in state init
[0m14:34:20.517672 [debug] [MainThread]: Postgres adapter: Error running SQL: select 1 as id
[0m14:34:20.518068 [debug] [MainThread]: Postgres adapter: Rolling back transaction.
[0m14:34:20.518345 [debug] [MainThread]: On debug: No close available on handle
[0m14:34:20.518630 [info ] [MainThread]:   Connection test: [[31mERROR[0m]

[0m14:34:20.519047 [info ] [MainThread]: [31m1 check failed:[0m
[0m14:34:20.519409 [info ] [MainThread]: dbt was unable to connect to the specified database.
The database returned the following error:

  >Database Error
  'utf-8' codec can't decode byte 0xf3 in position 85: invalid continuation byte

Check your database credentials and try again. For more information, visit:
https://docs.getdbt.com/docs/configure-your-profile


[0m14:34:20.520286 [debug] [MainThread]: Command `dbt debug` failed at 14:34:20.520168 after 2.66 seconds
[0m14:34:20.520603 [debug] [MainThread]: Connection 'debug' was properly closed.
[0m14:34:20.520887 [debug] [MainThread]: Sending event: {'category': 'dbt', 'action': 'invocation', 'label': 'end', 'context': [<snowplow_tracker.self_describing_json.SelfDescribingJson object at 0x0000021C0E603BB0>, <snowplow_tracker.self_describing_json.SelfDescribingJson object at 0x0000021C0E784290>, <snowplow_tracker.self_describing_json.SelfDescribingJson object at 0x0000021C0E402AD0>]}
[0m14:34:20.521200 [debug] [MainThread]: Flushing usage events
[0m14:34:21.221703 [debug] [MainThread]: An error was encountered while trying to flush usage events
[0m14:36:04.441155 [debug] [MainThread]: Sending event: {'category': 'dbt', 'action': 'invocation', 'label': 'start', 'context': [<snowplow_tracker.self_describing_json.SelfDescribingJson object at 0x000001B781AC4EC0>, <snowplow_tracker.self_describing_json.SelfDescribingJson object at 0x000001B783C03B10>, <snowplow_tracker.self_describing_json.SelfDescribingJson object at 0x000001B783C039D0>]}


============================== 14:36:04.445603 | 744a9075-51a4-43b3-a815-241235d85240 ==============================
[0m14:36:04.445603 [info ] [MainThread]: Running with dbt=1.11.7
[0m14:36:04.446212 [debug] [MainThread]: running dbt with arguments {'static_parser': 'True', 'no_print': 'None', 'version_check': 'True', 'warn_error_options': 'WarnErrorOptionsV2(error=[], warn=[], silence=[])', 'target_path': 'None', 'printer_width': '80', 'write_json': 'True', 'empty': 'None', 'log_cache_events': 'False', 'introspect': 'True', 'cache_selected_only': 'False', 'fail_fast': 'False', 'debug': 'False', 'log_format': 'default', 'partial_parse': 'True', 'send_anonymous_usage_stats': 'True', 'quiet': 'False', 'warn_error': 'None', 'profiles_dir': '.', 'use_colors': 'True', 'invocation_command': 'dbt debug --profiles-dir .', 'indirect_selection': 'eager', 'use_experimental_parser': 'False', 'log_path': 'C:\\Users\\Sr. Fall\\Desktop\\Data Git\\nikeProject\\2_dbt_project\\logs'}
[0m14:36:04.462682 [info ] [MainThread]: dbt version: 1.11.7
[0m14:36:04.463188 [info ] [MainThread]: python version: 3.13.7
[0m14:36:04.463531 [info ] [MainThread]: python path: C:\Users\Sr. Fall\Desktop\Data Git\nikeProject\venv\Scripts\python.exe
[0m14:36:04.463835 [info ] [MainThread]: os info: Windows-11-10.0.26200-SP0
[0m14:36:04.512983 [info ] [MainThread]: Using profiles dir at .
[0m14:36:04.513558 [info ] [MainThread]: Using profiles.yml file at .\profiles.yml
[0m14:36:04.513921 [info ] [MainThread]: Using dbt_project.yml file at C:\Users\Sr. Fall\Desktop\Data Git\nikeProject\2_dbt_project\dbt_project.yml
[0m14:36:04.514947 [info ] [MainThread]: adapter type: postgres
[0m14:36:04.515268 [info ] [MainThread]: adapter version: 1.10.0
[0m14:36:04.606883 [info ] [MainThread]: Configuration:
[0m14:36:04.607464 [info ] [MainThread]:   profiles.yml file [[32mOK found and valid[0m]
[0m14:36:04.607808 [info ] [MainThread]:   dbt_project.yml file [[32mOK found and valid[0m]
[0m14:36:04.608118 [info ] [MainThread]: Required dependencies:
[0m14:36:04.608429 [debug] [MainThread]: Executing "git --help"
[0m14:36:04.642378 [debug] [MainThread]: STDOUT: "b"usage: git [-v | --version] [-h | --help] [-C <path>] [-c <name>=<value>]\n           [--exec-path[=<path>]] [--html-path] [--man-path] [--info-path]\n           [-p | --paginate | -P | --no-pager] [--no-replace-objects] [--no-lazy-fetch]\n           [--no-optional-locks] [--no-advice] [--bare] [--git-dir=<path>]\n           [--work-tree=<path>] [--namespace=<name>] [--config-env=<name>=<envvar>]\n           <command> [<args>]\n\nThese are common Git commands used in various situations:\n\nstart a working area (see also: git help tutorial)\n   clone      Clone a repository into a new directory\n   init       Create an empty Git repository or reinitialize an existing one\n\nwork on the current change (see also: git help everyday)\n   add        Add file contents to the index\n   mv         Move or rename a file, a directory, or a symlink\n   restore    Restore working tree files\n   rm         Remove files from the working tree and from the index\n\nexamine the history and state (see also: git help revisions)\n   bisect     Use binary search to find the commit that introduced a bug\n   diff       Show changes between commits, commit and working tree, etc\n   grep       Print lines matching a pattern\n   log        Show commit logs\n   show       Show various types of objects\n   status     Show the working tree status\n\ngrow, mark and tweak your common history\n   backfill   Download missing objects in a partial clone\n   branch     List, create, or delete branches\n   commit     Record changes to the repository\n   merge      Join two or more development histories together\n   rebase     Reapply commits on top of another base tip\n   reset      Reset current HEAD to the specified state\n   switch     Switch branches\n   tag        Create, list, delete or verify a tag object signed with GPG\n\ncollaborate (see also: git help workflows)\n   fetch      Download objects and refs from another repository\n   pull       Fetch from and integrate with another repository or a local branch\n   push       Update remote refs along with associated objects\n\n'git help -a' and 'git help -g' list available subcommands and some\nconcept guides. See 'git help <command>' or 'git help <concept>'\nto read about a specific subcommand or concept.\nSee 'git help git' for an overview of the system.\n""
[0m14:36:04.643137 [debug] [MainThread]: STDERR: "b''"
[0m14:36:04.643582 [info ] [MainThread]:  - git [[32mOK found[0m]

[0m14:36:04.644010 [info ] [MainThread]: Connection:
[0m14:36:04.644392 [info ] [MainThread]:   host: 127.0.0.1
[0m14:36:04.644718 [info ] [MainThread]:   port: 5432
[0m14:36:04.645047 [info ] [MainThread]:   user: admin
[0m14:36:04.645336 [info ] [MainThread]:   database: nike_dw
[0m14:36:04.645666 [info ] [MainThread]:   schema: dbt_dev
[0m14:36:04.645959 [info ] [MainThread]:   connect_timeout: 10
[0m14:36:04.646261 [info ] [MainThread]:   role: None
[0m14:36:04.646558 [info ] [MainThread]:   search_path: None
[0m14:36:04.646863 [info ] [MainThread]:   keepalives_idle: 0
[0m14:36:04.647154 [info ] [MainThread]:   sslmode: None
[0m14:36:04.647431 [info ] [MainThread]:   sslcert: None
[0m14:36:04.647739 [info ] [MainThread]:   sslkey: None
[0m14:36:04.648039 [info ] [MainThread]:   sslrootcert: None
[0m14:36:04.648319 [info ] [MainThread]:   application_name: dbt
[0m14:36:04.648592 [info ] [MainThread]:   retries: 1
[0m14:36:04.649052 [info ] [MainThread]: Registered adapter: postgres=1.10.0
[0m14:36:04.863814 [debug] [MainThread]: Acquiring new postgres connection 'debug'
[0m14:36:04.915452 [debug] [MainThread]: Using postgres connection "debug"
[0m14:36:04.916821 [debug] [MainThread]: On debug: select 1 as id
[0m14:36:04.917666 [debug] [MainThread]: Opening a new connection, currently in state init
[0m14:36:04.950787 [debug] [MainThread]: Postgres adapter: Error running SQL: select 1 as id
[0m14:36:04.951201 [debug] [MainThread]: Postgres adapter: Rolling back transaction.
[0m14:36:04.951461 [debug] [MainThread]: On debug: No close available on handle
[0m14:36:04.951707 [info ] [MainThread]:   Connection test: [[31mERROR[0m]

[0m14:36:04.952336 [info ] [MainThread]: [31m1 check failed:[0m
[0m14:36:04.952816 [info ] [MainThread]: dbt was unable to connect to the specified database.
The database returned the following error:

  >Database Error
  'utf-8' codec can't decode byte 0xf3 in position 79: invalid continuation byte

Check your database credentials and try again. For more information, visit:
https://docs.getdbt.com/docs/configure-your-profile


[0m14:36:04.953842 [debug] [MainThread]: Command `dbt debug` failed at 14:36:04.953718 after 0.69 seconds
[0m14:36:04.954190 [debug] [MainThread]: Connection 'debug' was properly closed.
[0m14:36:04.954470 [debug] [MainThread]: Sending event: {'category': 'dbt', 'action': 'invocation', 'label': 'end', 'context': [<snowplow_tracker.self_describing_json.SelfDescribingJson object at 0x000001B783E93490>, <snowplow_tracker.self_describing_json.SelfDescribingJson object at 0x000001B7842803B0>, <snowplow_tracker.self_describing_json.SelfDescribingJson object at 0x000001B783D029C0>]}
[0m14:36:04.954794 [debug] [MainThread]: Flushing usage events
[0m14:36:05.658267 [debug] [MainThread]: An error was encountered while trying to flush usage events
[0m13:39:40.992990 [debug] [MainThread]: Sending event: {'category': 'dbt', 'action': 'invocation', 'label': 'start', 'context': [<snowplow_tracker.self_describing_json.SelfDescribingJson object at 0x7b50f666d610>, <snowplow_tracker.self_describing_json.SelfDescribingJson object at 0x7b50f666fd10>, <snowplow_tracker.self_describing_json.SelfDescribingJson object at 0x7b50f666d410>]}


============================== 13:39:40.998593 | eed29822-e522-409c-ba1d-edc01eef4225 ==============================
[0m13:39:40.998593 [info ] [MainThread]: Running with dbt=1.8.3
[0m13:39:40.999845 [debug] [MainThread]: running dbt with arguments {'printer_width': '80', 'indirect_selection': 'eager', 'log_cache_events': 'False', 'write_json': 'True', 'partial_parse': 'True', 'cache_selected_only': 'False', 'warn_error': 'None', 'version_check': 'True', 'fail_fast': 'False', 'log_path': '/usr/app/logs', 'debug': 'False', 'profiles_dir': '.', 'use_colors': 'True', 'use_experimental_parser': 'False', 'empty': 'None', 'quiet': 'False', 'no_print': 'None', 'log_format': 'default', 'static_parser': 'True', 'introspect': 'True', 'invocation_command': 'dbt debug', 'target_path': 'None', 'warn_error_options': 'WarnErrorOptions(include=[], exclude=[])', 'send_anonymous_usage_stats': 'True'}
[0m13:39:41.007084 [info ] [MainThread]: dbt version: 1.8.3
[0m13:39:41.007943 [info ] [MainThread]: python version: 3.11.2
[0m13:39:41.008745 [info ] [MainThread]: python path: /usr/local/bin/python
[0m13:39:41.009463 [info ] [MainThread]: os info: Linux-6.6.87.2-microsoft-standard-WSL2-x86_64-with-glibc2.31
[0m13:39:41.073474 [info ] [MainThread]: Using profiles dir at .
[0m13:39:41.074575 [info ] [MainThread]: Using profiles.yml file at ./profiles.yml
[0m13:39:41.075497 [info ] [MainThread]: Using dbt_project.yml file at /usr/app/dbt_project.yml
[0m13:39:41.076351 [info ] [MainThread]: adapter type: postgres
[0m13:39:41.077045 [info ] [MainThread]: adapter version: 1.8.2
[0m13:39:41.139213 [info ] [MainThread]: Configuration:
[0m13:39:41.140279 [info ] [MainThread]:   profiles.yml file [[32mOK found and valid[0m]
[0m13:39:41.141124 [info ] [MainThread]:   dbt_project.yml file [[32mOK found and valid[0m]
[0m13:39:41.141817 [info ] [MainThread]: Required dependencies:
[0m13:39:41.142545 [debug] [MainThread]: Executing "git --help"
[0m13:39:41.145456 [debug] [MainThread]: STDOUT: "b"usage: git [--version] [--help] [-C <path>] [-c <name>=<value>]\n           [--exec-path[=<path>]] [--html-path] [--man-path] [--info-path]\n           [-p | --paginate | -P | --no-pager] [--no-replace-objects] [--bare]\n           [--git-dir=<path>] [--work-tree=<path>] [--namespace=<name>]\n           <command> [<args>]\n\nThese are common Git commands used in various situations:\n\nstart a working area (see also: git help tutorial)\n   clone             Clone a repository into a new directory\n   init              Create an empty Git repository or reinitialize an existing one\n\nwork on the current change (see also: git help everyday)\n   add               Add file contents to the index\n   mv                Move or rename a file, a directory, or a symlink\n   restore           Restore working tree files\n   rm                Remove files from the working tree and from the index\n   sparse-checkout   Initialize and modify the sparse-checkout\n\nexamine the history and state (see also: git help revisions)\n   bisect            Use binary search to find the commit that introduced a bug\n   diff              Show changes between commits, commit and working tree, etc\n   grep              Print lines matching a pattern\n   log               Show commit logs\n   show              Show various types of objects\n   status            Show the working tree status\n\ngrow, mark and tweak your common history\n   branch            List, create, or delete branches\n   commit            Record changes to the repository\n   merge             Join two or more development histories together\n   rebase            Reapply commits on top of another base tip\n   reset             Reset current HEAD to the specified state\n   switch            Switch branches\n   tag               Create, list, delete or verify a tag object signed with GPG\n\ncollaborate (see also: git help workflows)\n   fetch             Download objects and refs from another repository\n   pull              Fetch from and integrate with another repository or a local branch\n   push              Update remote refs along with associated objects\n\n'git help -a' and 'git help -g' list available subcommands and some\nconcept guides. See 'git help <command>' or 'git help <concept>'\nto read about a specific subcommand or concept.\nSee 'git help git' for an overview of the system.\n""
[0m13:39:41.146197 [debug] [MainThread]: STDERR: "b''"
[0m13:39:41.146815 [info ] [MainThread]:  - git [[32mOK found[0m]

[0m13:39:41.147513 [info ] [MainThread]: Connection:
[0m13:39:41.148331 [info ] [MainThread]:   host: postgres
[0m13:39:41.149061 [info ] [MainThread]:   port: 5432
[0m13:39:41.149790 [info ] [MainThread]:   user: admin
[0m13:39:41.150532 [info ] [MainThread]:   database: nike_dw
[0m13:39:41.151231 [info ] [MainThread]:   schema: dbt_dev
[0m13:39:41.152005 [info ] [MainThread]:   connect_timeout: 10
[0m13:39:41.152846 [info ] [MainThread]:   role: None
[0m13:39:41.153700 [info ] [MainThread]:   search_path: None
[0m13:39:41.154486 [info ] [MainThread]:   keepalives_idle: 0
[0m13:39:41.155209 [info ] [MainThread]:   sslmode: None
[0m13:39:41.155881 [info ] [MainThread]:   sslcert: None
[0m13:39:41.156553 [info ] [MainThread]:   sslkey: None
[0m13:39:41.157217 [info ] [MainThread]:   sslrootcert: None
[0m13:39:41.158046 [info ] [MainThread]:   application_name: dbt
[0m13:39:41.158788 [info ] [MainThread]:   retries: 1
[0m13:39:41.159731 [info ] [MainThread]: Registered adapter: postgres=1.8.2
[0m13:39:41.162854 [debug] [MainThread]: Acquiring new postgres connection 'debug'
[0m13:39:41.197301 [debug] [MainThread]: Using postgres connection "debug"
[0m13:39:41.198085 [debug] [MainThread]: On debug: select 1 as id
[0m13:39:41.198724 [debug] [MainThread]: Opening a new connection, currently in state init
[0m13:39:41.221884 [debug] [MainThread]: SQL status: SELECT 1 in 0.0 seconds
[0m13:39:41.223299 [debug] [MainThread]: On debug: Close
[0m13:39:41.224004 [info ] [MainThread]:   Connection test: [[32mOK connection ok[0m]

[0m13:39:41.224858 [info ] [MainThread]: [32mAll checks passed![0m
[0m13:39:41.226205 [debug] [MainThread]: Resource report: {"command_name": "debug", "command_success": true, "command_wall_clock_time": 0.2772036, "process_user_time": 1.03887, "process_kernel_time": 0.258707, "process_mem_max_rss": "105928", "process_out_blocks": "1152", "process_in_blocks": "0"}
[0m13:39:41.227067 [debug] [MainThread]: Command `dbt debug` succeeded at 13:39:41.226966 after 0.28 seconds
[0m13:39:41.227752 [debug] [MainThread]: Connection 'debug' was properly closed.
[0m13:39:41.228393 [debug] [MainThread]: Sending event: {'category': 'dbt', 'action': 'invocation', 'label': 'end', 'context': [<snowplow_tracker.self_describing_json.SelfDescribingJson object at 0x7b50f666fd10>, <snowplow_tracker.self_describing_json.SelfDescribingJson object at 0x7b50f6678210>, <snowplow_tracker.self_describing_json.SelfDescribingJson object at 0x7b50fa40c710>]}
[0m13:39:41.229053 [debug] [MainThread]: Flushing usage events
